<?xml version="1.0" encoding="UTF-8"?>
<!-- Generated by org.testng.reporters.JUnitReportReporter -->
<testsuite skipped="0" hostname="DESKTOP-AFO90VC" name="hw1.SumTest" tests="6" failures="0" timestamp="14 июн 2019 21:13:45 GMT" time="0.002" errors="0">
  <testcase name="doubleSumTest" time="0.000" classname="hw1.SumTest"/>
  <testcase name="longSumTest" time="0.000" classname="hw1.SumTest"/>
  <testcase name="doubleSumTest" time="0.002" classname="hw1.SumTest"/>
  <testcase name="doubleSumTest" time="0.000" classname="hw1.SumTest"/>
  <testcase name="longSumTest" time="0.000" classname="hw1.SumTest"/>
  <testcase name="longSumTest" time="0.000" classname="hw1.SumTest"/>
</testsuite> <!-- hw1.SumTest -->
