<?xml version="1.0" encoding="UTF-8"?>
<!-- Generated by org.testng.reporters.JUnitReportReporter -->
<testsuite skipped="0" hostname="DESKTOP-AFO90VC" name="hw1.SubtractTest" tests="6" failures="0" timestamp="14 июн 2019 21:13:45 GMT" time="0.000" errors="0">
  <testcase name="longSubtractTest" time="0.000" classname="hw1.SubtractTest"/>
  <testcase name="longSubtractTest" time="0.000" classname="hw1.SubtractTest"/>
  <testcase name="doubleSubtractTest" time="0.000" classname="hw1.SubtractTest"/>
  <testcase name="doubleSubtractTest" time="0.000" classname="hw1.SubtractTest"/>
  <testcase name="doubleSubtractTest" time="0.000" classname="hw1.SubtractTest"/>
  <testcase name="longSubtractTest" time="0.000" classname="hw1.SubtractTest"/>
</testsuite> <!-- hw1.SubtractTest -->
